[debug] [2024-03-11T01:44:28.764Z] ----------------------------------------------------------------------
[debug] [2024-03-11T01:44:28.766Z] Command:       C:\Program Files\nodejs\node.exe C:\Users\Admin\AppData\Roaming\npm\node_modules\firebase-tools\lib\bin\firebase.js init
[debug] [2024-03-11T01:44:28.767Z] CLI Version:   13.4.0
[debug] [2024-03-11T01:44:28.767Z] Platform:      win32
[debug] [2024-03-11T01:44:28.767Z] Node Version:  v20.10.0
[debug] [2024-03-11T01:44:28.767Z] Time:          Mon Mar 11 2024 08:44:28 GMT+0700 (Indochina Time)
[debug] [2024-03-11T01:44:28.767Z] ----------------------------------------------------------------------
[debug] 
[debug] [2024-03-11T01:44:28.773Z] > command requires scopes: ["email","openid","https://www.googleapis.com/auth/cloudplatformprojects.readonly","https://www.googleapis.com/auth/firebase","https://www.googleapis.com/auth/cloud-platform"]
[debug] [2024-03-11T01:44:28.774Z] > authorizing via signed-in user (hieub7915@gmail.com)
[info] 
     ######## #### ########  ######## ########     ###     ######  ########
     ##        ##  ##     ## ##       ##     ##  ##   ##  ##       ##
     ######    ##  ########  ######   ########  #########  ######  ######
     ##        ##  ##    ##  ##       ##     ## ##     ##       ## ##
     ##       #### ##     ## ######## ########  ##     ##  ######  ########

You're about to initialize a Firebase project in this directory:

  C:\Users\Admin\OneDrive\Desktop\thiso-game\Next-js-match-game

[info] 
=== Project Setup
[info] 
[info] First, let's associate this project directory with a Firebase project.
[info] You can create multiple project aliases by running firebase use --add, 
[info] but for now we'll just set up a default project.
[info] 
[debug] [2024-03-11T01:44:42.071Z] >>> [apiv2][query] GET https://firebase.googleapis.com/v1beta1/projects pageSize=100
[debug] [2024-03-11T01:44:42.679Z] <<< [apiv2][status] GET https://firebase.googleapis.com/v1beta1/projects 200
[debug] [2024-03-11T01:44:42.679Z] <<< [apiv2][body] GET https://firebase.googleapis.com/v1beta1/projects [omitted]
[info] i  Using project lucky-box-458f3 (lucky-box) 
[info] 
=== Hosting Setup
[debug] [2024-03-11T01:44:43.417Z] >>> [apiv2][query] GET https://firebase.googleapis.com/v1beta1/projects/lucky-box-458f3 [none]
[debug] [2024-03-11T01:44:43.666Z] <<< [apiv2][status] GET https://firebase.googleapis.com/v1beta1/projects/lucky-box-458f3 200
[debug] [2024-03-11T01:44:43.667Z] <<< [apiv2][body] GET https://firebase.googleapis.com/v1beta1/projects/lucky-box-458f3 {"projectId":"lucky-box-458f3","projectNumber":"674944750637","displayName":"lucky-box","name":"projects/lucky-box-458f3","resources":{"hostingSite":"lucky-box-458f3"},"state":"ACTIVE","etag":"1_f3927ca0-ffcf-45c6-8c62-c659636c2cef"}
[info] 
[info] Your public directory is the folder (relative to your project directory) that
[info] will contain Hosting assets to be uploaded with firebase deploy. If you
[info] have a build process for your assets, use your build's output directory.
[info] 
